# JRE version: Java(TM) SE Runtime Environment (8.0_181-b13) (build 1.8.0_181-b13)
# Java VM: Java HotSpot(TM) 64-Bit Server VM (25.181-b13 mixed mode windows-amd64 compressed oops)
Heap:
 PSYoungGen      total 3728384K, used 814514K [0x000000066ab00000, 0x00000007c0000000, 0x00000007c0000000)
  eden space 1864704K, 43% used [0x000000066ab00000,0x000000069c64cb50,0x00000006dc800000)
  from space 1863680K, 0% used [0x000000074e400000,0x000000074e420000,0x00000007c0000000)
  to   space 1863680K, 0% used [0x00000006dc800000,0x00000006dc800000,0x000000074e400000)
 ParOldGen       total 7607296K, used 6272472K [0x00000003c0000000, 0x0000000590500000, 0x000000066ab00000)
  object space 7607296K, 82% used [0x00000003c0000000,0x000000053ed76280,0x0000000590500000)
 Metaspace       used 20195K, capacity 21402K, committed 21504K, reserved 1069056K
  class space    used 2539K, capacity 2801K, committed 2816K, reserved 1048576K
GC Heap History (10 events):
Event: 794.476 GC heap before
{Heap before GC invocations=162 (full 18):
 PSYoungGen      total 3728384K, used 666400K [0x000000066ab00000, 0x00000007c0000000, 0x00000007c0000000)
  eden space 1864704K, 0% used [0x000000066ab00000,0x000000066ab00000,0x00000006dc800000)
  from space 1863680K, 35% used [0x00000006dc800000,0x00000007052c8010,0x000000074e400000)
  to   space 1863680K, 0% used [0x000000074e400000,0x000000074e400000,0x00000007c0000000)
 ParOldGen       total 7607296K, used 7101281K [0x00000003c0000000, 0x0000000590500000, 0x000000066ab00000)
  object space 7607296K, 93% used [0x00000003c0000000,0x00000005716d8548,0x0000000590500000)
 Metaspace       used 19698K, capacity 20840K, committed 21120K, reserved 1067008K
  class space    used 2410K, capacity 2630K, committed 2688K, reserved 1048576K
Event: 800.755 GC heap after
Heap after GC invocations=162 (full 18):
 PSYoungGen      total 3728384K, used 0K [0x000000066ab00000, 0x00000007c0000000, 0x00000007c0000000)
  eden space 1864704K, 0% used [0x000000066ab00000,0x000000066ab00000,0x00000006dc800000)
  from space 1863680K, 0% used [0x00000006dc800000,0x00000006dc800000,0x000000074e400000)
  to   space 1863680K, 0% used [0x000000074e400000,0x000000074e400000,0x00000007c0000000)
 ParOldGen       total 7607296K, used 7012515K [0x00000003c0000000, 0x0000000590500000, 0x000000066ab00000)
  object space 7607296K, 92% used [0x00000003c0000000,0x000000056c028f00,0x0000000590500000)
 Metaspace       used 19698K, capacity 20840K, committed 21120K, reserved 1067008K
  class space    used 2410K, capacity 2630K, committed 2688K, reserved 1048576K
}
Event: 804.351 GC heap before
{Heap before GC invocations=163 (full 19):
 PSYoungGen      total 3728384K, used 1864704K [0x000000066ab00000, 0x00000007c0000000, 0x00000007c0000000)
  eden space 1864704K, 100% used [0x000000066ab00000,0x00000006dc800000,0x00000006dc800000)
  from space 1863680K, 0% used [0x00000006dc800000,0x00000006dc800000,0x000000074e400000)
  to   space 1863680K, 0% used [0x000000074e400000,0x000000074e400000,0x00000007c0000000)
 ParOldGen       total 7607296K, used 7012515K [0x00000003c0000000, 0x0000000590500000, 0x000000066ab00000)
  object space 7607296K, 92% used [0x00000003c0000000,0x000000056c028f00,0x0000000590500000)
 Metaspace       used 19698K, capacity 20840K, committed 21120K, reserved 1067008K
  class space    used 2410K, capacity 2630K, committed 2688K, reserved 1048576K
Event: 807.583 GC heap after
Heap after GC invocations=163 (full 19):
 PSYoungGen      total 3728384K, used 0K [0x000000066ab00000, 0x00000007c0000000, 0x00000007c0000000)
  eden space 1864704K, 0% used [0x000000066ab00000,0x000000066ab00000,0x00000006dc800000)
  from space 1863680K, 0% used [0x00000006dc800000,0x00000006dc800000,0x000000074e400000)
  to   space 1863680K, 0% used [0x000000074e400000,0x000000074e400000,0x00000007c0000000)
 ParOldGen       total 7607296K, used 6090707K [0x00000003c0000000, 0x0000000590500000, 0x000000066ab00000)
  object space 7607296K, 80% used [0x00000003c0000000,0x0000000533bf4c68,0x0000000590500000)
 Metaspace       used 19698K, capacity 20840K, committed 21120K, reserved 1067008K
  class space    used 2410K, capacity 2630K, committed 2688K, reserved 1048576K
}
Event: 810.995 GC heap before
{Heap before GC invocations=164 (full 19):
 PSYoungGen      total 3728384K, used 1864704K [0x000000066ab00000, 0x00000007c0000000, 0x00000007c0000000)
  eden space 1864704K, 100% used [0x000000066ab00000,0x00000006dc800000,0x00000006dc800000)
  from space 1863680K, 0% used [0x00000006dc800000,0x00000006dc800000,0x000000074e400000)
  to   space 1863680K, 0% used [0x000000074e400000,0x000000074e400000,0x00000007c0000000)
 ParOldGen       total 7607296K, used 6090707K [0x00000003c0000000, 0x0000000590500000, 0x000000066ab00000)
  object space 7607296K, 80% used [0x00000003c0000000,0x0000000533bf4c68,0x0000000590500000)
 Metaspace       used 19698K, capacity 20840K, committed 21120K, reserved 1067008K
  class space    used 2410K, capacity 2630K, committed 2688K, reserved 1048576K
Event: 811.081 GC heap after
Heap after GC invocations=164 (full 19):
 PSYoungGen      total 3728384K, used 184442K [0x000000066ab00000, 0x00000007c0000000, 0x00000007c0000000)
  eden space 1864704K, 0% used [0x000000066ab00000,0x000000066ab00000,0x00000006dc800000)
  from space 1863680K, 9% used [0x000000074e400000,0x000000075981ea98,0x00000007c0000000)
  to   space 1863680K, 0% used [0x00000006dc800000,0x00000006dc800000,0x000000074e400000)
 ParOldGen       total 7607296K, used 6090707K [0x00000003c0000000, 0x0000000590500000, 0x000000066ab00000)
  object space 7607296K, 80% used [0x00000003c0000000,0x0000000533bf4c68,0x0000000590500000)
 Metaspace       used 19698K, capacity 20840K, committed 21120K, reserved 1067008K
  class space    used 2410K, capacity 2630K, committed 2688K, reserved 1048576K
}
Event: 813.328 GC heap before
{Heap before GC invocations=165 (full 19):
 PSYoungGen      total 3728384K, used 2049146K [0x000000066ab00000, 0x00000007c0000000, 0x00000007c0000000)
  eden space 1864704K, 100% used [0x000000066ab00000,0x00000006dc800000,0x00000006dc800000)
  from space 1863680K, 9% used [0x000000074e400000,0x000000075981ea98,0x00000007c0000000)
  to   space 1863680K, 0% used [0x00000006dc800000,0x00000006dc800000,0x000000074e400000)
 ParOldGen       total 7607296K, used 6090707K [0x00000003c0000000, 0x0000000590500000, 0x000000066ab00000)
  object space 7607296K, 80% used [0x00000003c0000000,0x0000000533bf4c68,0x0000000590500000)
 Metaspace       used 19698K, capacity 20840K, committed 21120K, reserved 1067008K
  class space    used 2410K, capacity 2630K, committed 2688K, reserved 1048576K
Event: 813.389 GC heap after
Heap after GC invocations=165 (full 19):
 PSYoungGen      total 3728384K, used 2014K [0x000000066ab00000, 0x00000007c0000000, 0x00000007c0000000)
  eden space 1864704K, 0% used [0x000000066ab00000,0x000000066ab00000,0x00000006dc800000)
  from space 1863680K, 0% used [0x00000006dc800000,0x00000006dc9f7b68,0x000000074e400000)
  to   space 1863680K, 0% used [0x000000074e400000,0x000000074e400000,0x00000007c0000000)
 ParOldGen       total 7607296K, used 6269634K [0x00000003c0000000, 0x0000000590500000, 0x000000066ab00000)
  object space 7607296K, 82% used [0x00000003c0000000,0x000000053eab0bd0,0x0000000590500000)
 Metaspace       used 19698K, capacity 20840K, committed 21120K, reserved 1067008K
  class space    used 2410K, capacity 2630K, committed 2688K, reserved 1048576K
}
Event: 815.392 GC heap before
{Heap before GC invocations=166 (full 19):
 PSYoungGen      total 3728384K, used 1866718K [0x000000066ab00000, 0x00000007c0000000, 0x00000007c0000000)
  eden space 1864704K, 100% used [0x000000066ab00000,0x00000006dc800000,0x00000006dc800000)
  from space 1863680K, 0% used [0x00000006dc800000,0x00000006dc9f7b68,0x000000074e400000)
  to   space 1863680K, 0% used [0x000000074e400000,0x000000074e400000,0x00000007c0000000)
 ParOldGen       total 7607296K, used 6269634K [0x00000003c0000000, 0x0000000590500000, 0x000000066ab00000)
  object space 7607296K, 82% used [0x00000003c0000000,0x000000053eab0bd0,0x0000000590500000)
 Metaspace       used 19698K, capacity 20840K, committed 21120K, reserved 1067008K
  class space    used 2410K, capacity 2630K, committed 2688K, reserved 1048576K
Event: 815.401 GC heap after
Heap after GC invocations=166 (full 19):
 PSYoungGen      total 3728384K, used 128K [0x000000066ab00000, 0x00000007c0000000, 0x00000007c0000000)
  eden space 1864704K, 0% used [0x000000066ab00000,0x000000066ab00000,0x00000006dc800000)
  from space 1863680K, 0% used [0x000000074e400000,0x000000074e420000,0x00000007c0000000)
  to   space 1863680K, 0% used [0x00000006dc800000,0x00000006dc800000,0x000000074e400000)
 ParOldGen       total 7607296K, used 6272472K [0x00000003c0000000, 0x0000000590500000, 0x000000066ab00000)
  object space 7607296K, 82% used [0x00000003c0000000,0x000000053ed76280,0x0000000590500000)
 Metaspace       used 19698K, capacity 20840K, committed 21120K, reserved 1067008K
  class space    used 2410K, capacity 2630K, committed 2688K, reserved 1048576K
}

