# JRE version: Java(TM) SE Runtime Environment (8.0_181-b13) (build 1.8.0_181-b13)
# Java VM: Java HotSpot(TM) 64-Bit Server VM (25.181-b13 mixed mode windows-amd64 compressed oops)
Heap:
 PSYoungGen      total 3728384K, used 3271933K [0x000000066ab00000, 0x00000007c0000000, 0x00000007c0000000)
  eden space 1864704K, 100% used [0x000000066ab00000,0x00000006dc800000,0x00000006dc800000)
  from space 1863680K, 75% used [0x00000006dc800000,0x000000073263f640,0x000000074e400000)
  to   space 1863680K, 9% used [0x000000074e400000,0x00000007590fff08,0x00000007c0000000)
 ParOldGen       total 7518720K, used 7518717K [0x00000003c0000000, 0x000000058ae80000, 0x000000066ab00000)
  object space 7518720K, 99% used [0x00000003c0000000,0x000000058ae7f430,0x000000058ae80000)
 Metaspace       used 18856K, capacity 19966K, committed 20096K, reserved 1067008K
  class space    used 2438K, capacity 2665K, committed 2688K, reserved 1048576K
GC Heap History (10 events):
Event: 218.020 GC heap after
Heap after GC invocations=89 (full 10):
 PSYoungGen      total 2369024K, used 447897K [0x000000066ab00000, 0x000000079b300000, 0x00000007c0000000)
  eden space 1921024K, 0% used [0x000000066ab00000,0x000000066ab00000,0x00000006dff00000)
  from space 448000K, 99% used [0x00000006dff00000,0x00000006fb466540,0x00000006fb480000)
  to   space 1499648K, 0% used [0x000000073fa80000,0x000000073fa80000,0x000000079b300000)
 ParOldGen       total 7201792K, used 6233803K [0x00000003c0000000, 0x0000000577900000, 0x000000066ab00000)
  object space 7201792K, 86% used [0x00000003c0000000,0x000000053c7b2d88,0x0000000577900000)
 Metaspace       used 16519K, capacity 17532K, committed 17664K, reserved 1064960K
  class space    used 2219K, capacity 2448K, committed 2560K, reserved 1048576K
}
Event: 221.925 GC heap before
{Heap before GC invocations=90 (full 10):
 PSYoungGen      total 2369024K, used 2368921K [0x000000066ab00000, 0x000000079b300000, 0x00000007c0000000)
  eden space 1921024K, 100% used [0x000000066ab00000,0x00000006dff00000,0x00000006dff00000)
  from space 448000K, 99% used [0x00000006dff00000,0x00000006fb466540,0x00000006fb480000)
  to   space 1499648K, 0% used [0x000000073fa80000,0x000000073fa80000,0x000000079b300000)
 ParOldGen       total 7201792K, used 6233803K [0x00000003c0000000, 0x0000000577900000, 0x000000066ab00000)
  object space 7201792K, 86% used [0x00000003c0000000,0x000000053c7b2d88,0x0000000577900000)
 Metaspace       used 18265K, capacity 19338K, committed 19584K, reserved 1067008K
  class space    used 2405K, capacity 2631K, committed 2688K, reserved 1048576K
Event: 222.404 GC heap after
Heap after GC invocations=90 (full 10):
 PSYoungGen      total 3379200K, used 1046721K [0x000000066ab00000, 0x00000007a9680000, 0x00000007c0000000)
  eden space 1879552K, 0% used [0x000000066ab00000,0x000000066ab00000,0x00000006dd680000)
  from space 1499648K, 69% used [0x000000073fa80000,0x000000077f8b04d8,0x000000079b300000)
  to   space 1609728K, 0% used [0x00000006dd680000,0x00000006dd680000,0x000000073fa80000)
 ParOldGen       total 7201792K, used 6233811K [0x00000003c0000000, 0x0000000577900000, 0x000000066ab00000)
  object space 7201792K, 86% used [0x00000003c0000000,0x000000053c7b4d88,0x0000000577900000)
 Metaspace       used 18265K, capacity 19338K, committed 19584K, reserved 1067008K
  class space    used 2405K, capacity 2631K, committed 2688K, reserved 1048576K
}
Event: 225.293 GC heap before
{Heap before GC invocations=91 (full 10):
 PSYoungGen      total 3379200K, used 2926273K [0x000000066ab00000, 0x00000007a9680000, 0x00000007c0000000)
  eden space 1879552K, 100% used [0x000000066ab00000,0x00000006dd680000,0x00000006dd680000)
  from space 1499648K, 69% used [0x000000073fa80000,0x000000077f8b04d8,0x000000079b300000)
  to   space 1609728K, 0% used [0x00000006dd680000,0x00000006dd680000,0x000000073fa80000)
 ParOldGen       total 7201792K, used 6233811K [0x00000003c0000000, 0x0000000577900000, 0x000000066ab00000)
  object space 7201792K, 86% used [0x00000003c0000000,0x000000053c7b4d88,0x0000000577900000)
 Metaspace       used 18266K, capacity 19338K, committed 19584K, reserved 1067008K
  class space    used 2405K, capacity 2631K, committed 2688K, reserved 1048576K
Event: 226.136 GC heap after
Heap after GC invocations=91 (full 10):
 PSYoungGen      total 3489280K, used 1609718K [0x000000066ab00000, 0x00000007c0000000, 0x00000007c0000000)
  eden space 1879552K, 0% used [0x000000066ab00000,0x000000066ab00000,0x00000006dd680000)
  from space 1609728K, 99% used [0x00000006dd680000,0x000000073fa7dbc0,0x000000073fa80000)
  to   space 1863680K, 0% used [0x000000074e400000,0x000000074e400000,0x00000007c0000000)
 ParOldGen       total 7201792K, used 6340507K [0x00000003c0000000, 0x0000000577900000, 0x000000066ab00000)
  object space 7201792K, 88% used [0x00000003c0000000,0x0000000542fe6cc8,0x0000000577900000)
 Metaspace       used 18266K, capacity 19338K, committed 19584K, reserved 1067008K
  class space    used 2405K, capacity 2631K, committed 2688K, reserved 1048576K
}
Event: 253.282 GC heap before
{Heap before GC invocations=92 (full 10):
 PSYoungGen      total 3489280K, used 3489270K [0x000000066ab00000, 0x00000007c0000000, 0x00000007c0000000)
  eden space 1879552K, 100% used [0x000000066ab00000,0x00000006dd680000,0x00000006dd680000)
  from space 1609728K, 99% used [0x00000006dd680000,0x000000073fa7dbc0,0x000000073fa80000)
  to   space 1863680K, 0% used [0x000000074e400000,0x000000074e400000,0x00000007c0000000)
 ParOldGen       total 7201792K, used 6340507K [0x00000003c0000000, 0x0000000577900000, 0x000000066ab00000)
  object space 7201792K, 88% used [0x00000003c0000000,0x0000000542fe6cc8,0x0000000577900000)
 Metaspace       used 18841K, capacity 19966K, committed 20096K, reserved 1067008K
  class space    used 2437K, capacity 2665K, committed 2688K, reserved 1048576K
Event: 254.539 GC heap after
Heap after GC invocations=92 (full 10):
 PSYoungGen      total 3728384K, used 1526247K [0x000000066ab00000, 0x00000007c0000000, 0x00000007c0000000)
  eden space 1864704K, 0% used [0x000000066ab00000,0x000000066ab00000,0x00000006dc800000)
  from space 1863680K, 81% used [0x000000074e400000,0x00000007ab679c00,0x00000007c0000000)
  to   space 1863680K, 0% used [0x00000006dc800000,0x00000006dc800000,0x000000074e400000)
 ParOldGen       total 7201792K, used 6621657K [0x00000003c0000000, 0x0000000577900000, 0x000000066ab00000)
  object space 7201792K, 91% used [0x00000003c0000000,0x0000000554276608,0x0000000577900000)
 Metaspace       used 18841K, capacity 19966K, committed 20096K, reserved 1067008K
  class space    used 2437K, capacity 2665K, committed 2688K, reserved 1048576K
}
Event: 290.511 GC heap before
{Heap before GC invocations=93 (full 10):
 PSYoungGen      total 3728384K, used 3390951K [0x000000066ab00000, 0x00000007c0000000, 0x00000007c0000000)
  eden space 1864704K, 100% used [0x000000066ab00000,0x00000006dc800000,0x00000006dc800000)
  from space 1863680K, 81% used [0x000000074e400000,0x00000007ab679c00,0x00000007c0000000)
  to   space 1863680K, 0% used [0x00000006dc800000,0x00000006dc800000,0x000000074e400000)
 ParOldGen       total 7201792K, used 6621657K [0x00000003c0000000, 0x0000000577900000, 0x000000066ab00000)
  object space 7201792K, 91% used [0x00000003c0000000,0x0000000554276608,0x0000000577900000)
 Metaspace       used 18853K, capacity 19966K, committed 20096K, reserved 1067008K
  class space    used 2438K, capacity 2665K, committed 2688K, reserved 1048576K
Event: 291.090 GC heap after
Heap after GC invocations=93 (full 10):
 PSYoungGen      total 3728384K, used 1407229K [0x000000066ab00000, 0x00000007c0000000, 0x00000007c0000000)
  eden space 1864704K, 0% used [0x000000066ab00000,0x000000066ab00000,0x00000006dc800000)
  from space 1863680K, 75% used [0x00000006dc800000,0x000000073263f640,0x000000074e400000)
  to   space 1863680K, 0% used [0x000000074e400000,0x000000074e400000,0x00000007c0000000)
 ParOldGen       total 7201792K, used 6743549K [0x00000003c0000000, 0x0000000577900000, 0x000000066ab00000)
  object space 7201792K, 93% used [0x00000003c0000000,0x000000055b97f770,0x0000000577900000)
 Metaspace       used 18853K, capacity 19966K, committed 20096K, reserved 1067008K
  class space    used 2438K, capacity 2665K, committed 2688K, reserved 1048576K
}
Event: 320.290 GC heap before
{Heap before GC invocations=94 (full 10):
 PSYoungGen      total 3728384K, used 3271933K [0x000000066ab00000, 0x00000007c0000000, 0x00000007c0000000)
  eden space 1864704K, 100% used [0x000000066ab00000,0x00000006dc800000,0x00000006dc800000)
  from space 1863680K, 75% used [0x00000006dc800000,0x000000073263f640,0x000000074e400000)
  to   space 1863680K, 0% used [0x000000074e400000,0x000000074e400000,0x00000007c0000000)
 ParOldGen       total 7201792K, used 6743549K [0x00000003c0000000, 0x0000000577900000, 0x000000066ab00000)
  object space 7201792K, 93% used [0x00000003c0000000,0x000000055b97f770,0x0000000577900000)
 Metaspace       used 18856K, capacity 19966K, committed 20096K, reserved 1067008K
  class space    used 2438K, capacity 2665K, committed 2688K, reserved 1048576K

